\BOOKMARK [0][-]{dummy.1}{\376\377\000T\000i\000t\000l\000u}{}% 1
\BOOKMARK [0][-]{dummy.2}{\376\377\000M\000u\000l\001\143\000i\000m\000i\000r\000i}{}% 2
\BOOKMARK [0][-]{chapter.4}{\376\377\0001\000\040\000I\000n\000t\000r\000o\000d\000u\000c\000e\000r\000e}{}% 3
\BOOKMARK [1][-]{section.5}{\376\377\0001\000.\0001\000\040\000D\000e\000\040\000c\000e\000\040\000t\000e\000o\000r\000i\000a\000\040\000c\000o\000m\000p\000i\000l\000a\000r\000i\000i}{chapter.4}% 4
\BOOKMARK [0][-]{chapter.6}{\376\377\0002\000\040\000P\000r\000e\000l\000i\000m\000i\000n\000a\000r\000e}{}% 5
\BOOKMARK [1][-]{section.7}{\376\377\0002\000.\0001\000\040\000G\000r\000a\000m\000a\000t\000i\000c\000i}{chapter.6}% 6
\BOOKMARK [2][-]{subsection.8}{\376\377\0002\000.\0001\000.\0001\000\040\000T\000r\000a\000n\000s\000f\000o\000r\000m\001\316\000r\000i\000\040\000a\000s\000u\000p\000r\000a\000\040\000g\000r\000a\000m\000a\000t\000i\000c\000i\000l\000o\000r\000\040\000i\000n\000d\000e\000p\000e\000n\000d\000e\000n\000t\000e\000\040\000d\000e\000\040\000c\000o\000n\000t\000e\000x\000t}{section.7}% 7
\BOOKMARK [2][-]{subsection.9}{\376\377\0002\000.\0001\000.\0002\000\040\000E\000l\000i\000m\000i\000n\000a\000r\000e\000a\000\040\000a\000m\000b\000i\000g\000u\000i\000t\001\316\001\143\000i\000i}{section.7}% 8
\BOOKMARK [2][-]{subsection.12}{\376\377\0002\000.\0001\000.\0003\000\040\000E\000l\000i\000m\000i\000n\000a\000r\000e\000a\000\040\000r\000e\000c\000u\000r\000s\000i\000v\000i\000t\001\316\001\143\000i\000i\000\040\000s\000t\000\342\000n\000g\000a\000\040}{section.7}% 9
\BOOKMARK [2][-]{subsection.15}{\376\377\0002\000.\0001\000.\0004\000\040\000F\000a\000c\000t\000o\000r\000i\000z\000a\000r\000e\000\040\000s\000t\000\342\000n\000g\000a}{section.7}% 10
\BOOKMARK [1][-]{section.18}{\376\377\0002\000.\0002\000\040\000A\000u\000t\000o\000m\000a\000t\000e\000\040\000f\000i\000n\000i\000t\000e}{chapter.6}% 11
\BOOKMARK [1][-]{section.22}{\376\377\0002\000.\0003\000\040\000E\000x\000p\000r\000e\000s\000i\000i\000\040\000r\000e\000g\000u\000l\000a\000t\000e}{chapter.6}% 12
\BOOKMARK [0][-]{chapter.27}{\376\377\0003\000\040\000A\000l\000g\000o\000r\000i\000t\000m\000i\000\040\000d\000e\000\040\000p\000a\000r\000s\000a\000r\000e}{}% 13
\BOOKMARK [1][-]{section.28}{\376\377\0003\000.\0001\000\040\000P\000r\000o\000b\000l\000e\000m\000a\000\040\000p\000a\000r\000s\001\316\000r\000i\000i}{chapter.27}% 14
\BOOKMARK [1][-]{section.29}{\376\377\0003\000.\0002\000\040\000A\000n\000a\000l\000i\000z\000a\000\040\000s\000i\000n\000t\000a\000c\000t\000i\000c\001\316\000\040\000d\000e\000s\000c\000e\000n\000d\000e\000n\000t\001\316}{chapter.27}% 15
\BOOKMARK [2][-]{subsection.31}{\376\377\0003\000.\0002\000.\0001\000\040\000G\000r\000a\000m\000a\000t\000i\000c\000i\000l\000e\000\040\000L\000L\000\050\0001\000\051}{section.29}% 16
\BOOKMARK [2][-]{subsection.33}{\376\377\0003\000.\0002\000.\0002\000\040\000D\000e\000t\000e\000r\000m\000i\000n\000a\000r\000e\000a\000\040\000m\000u\000l\001\143\000i\000m\000i\000l\000o\000r\000\040\000F\000I\000R\000S\000T\000\040\001\137\000i\000\040\000F\000O\000L\000L\000O\000W\000\040}{section.29}% 17
\BOOKMARK [2][-]{subsection.34}{\376\377\0003\000.\0002\000.\0003\000\040\000T\000a\000b\000e\000l\000a\000\040\000d\000e\000\040\000a\000n\000a\000l\000i\000z\001\316\000\040\000s\000i\000n\000t\000a\000c\000t\000i\000c\001\316\000\040\000L\000L\000\050\0001\000\051}{section.29}% 18
\BOOKMARK [2][-]{subsection.35}{\376\377\0003\000.\0002\000.\0004\000\040\000A\000n\000a\000l\000i\000z\000a\000t\000o\000r\000u\000l\000\040\000s\000i\000n\000t\000a\000c\000t\000i\000c\000\040\000L\000L\000\050\0001\000\051}{section.29}% 19
\BOOKMARK [3][-]{section*.36}{\376\377\000E\000x\000e\000m\000p\000l\000u\000\040\000d\000e\000\040\000r\000u\000l\000a\000r\000e\000\040\000a\000\040\000a\000l\000g\000o\000r\000i\000t\000m\000u\000l\000u\000i\000\040\000p\000e\000\040\000o\000\040\000g\000r\000a\000m\000a\000t\000i\000c\001\316\000:}{subsection.35}% 20
\BOOKMARK [1][-]{section.44}{\376\377\0003\000.\0003\000\040\000A\000n\000a\000l\000i\000z\000a\000\040\000s\000i\000n\000t\000a\000c\000t\000i\000c\001\316\000\040\000\356\000n\000\040\000g\000r\000a\000m\000a\000t\000i\000c\000i\000\040\000L\000R\000\040}{chapter.27}% 21
\BOOKMARK [2][-]{subsection.47}{\376\377\0003\000.\0003\000.\0001\000\040\000O\000\040\000c\000a\000r\000a\000c\000t\000e\000r\000i\000z\000a\000r\000e\000\040\000a\000\040\000g\000r\000a\000m\000a\000t\000i\000c\000i\000l\000o\000r\000\040\000L\000R\000\050\0001\000\051}{section.44}% 22
\BOOKMARK [0][-]{chapter.48}{\376\377\0004\000\040\000A\000p\000l\000i\000c\000a\000t\000i\000a\000\040\000m\000e\000a}{}% 23
\BOOKMARK [0][-]{chapter.49}{\376\377\0005\000\040\000C\000o\000n\000c\000l\000u\000z\000i\000i}{}% 24
\BOOKMARK [0][-]{dummy.50}{\376\377\000B\000i\000b\000l\000i\000o\000g\000r\000a\000f\000i\000e}{}% 25
\BOOKMARK [0][-]{dummy.51}{\376\377\000L\000i\000s\000t\001\316\000\040\000i\000m\000a\000g\000i\000n\000i}{}% 26
